<?xml version="1.0" encoding="UTF-8"?>
<testng-results skipped="0" failed="0" ignored="0" total="1" passed="1">
  <reporter-output>
  </reporter-output>
  <suite name="Suite" duration-ms="140" started-at="2018-05-15T06:11:03Z" finished-at="2018-05-15T06:11:03Z">
    <groups>
    </groups>
    <test name="Test" duration-ms="140" started-at="2018-05-15T06:11:03Z" finished-at="2018-05-15T06:11:03Z">
      <class name="com.bbc.mvnTestng.testHelloWorld">
        <test-method status="PASS" signature="name()[pri:0, instance:com.bbc.mvnTestng.testHelloWorld@e874448]" name="name" duration-ms="47" started-at="2018-05-15T06:11:03Z" finished-at="2018-05-15T06:11:03Z">
          <reporter-output>
          </reporter-output>
        </test-method> <!-- name -->
      </class> <!-- com.bbc.mvnTestng.testHelloWorld -->
    </test> <!-- Test -->
  </suite> <!-- Suite -->
</testng-results>
